Start Processing Input
created base
entered euclid with 1
entered aristotle with 2
entered pythagorous with 3
entered archimedes with 4
entered eudoxus with 5
entered plato with 6
entered nicomachus with 7
entered ptolemy with 8
entered eratosthenes with 9
entered diophantus with 10
plato present in scope (null) with attr 6 1
eratosthenes present in scope (null) with attr 9 1
entered apollonius with 11
entered asclepius with 12
entered democritus with 13
entered hippocrates with 14
pythagorous present in scope (null) with attr 3 1
created first
entered opal with 15
entered ruby with 16
entered topaz with 17
entered diamond with 18
entered emerald with 19
ruby present in scope (null) with attr 16 1
diamond present in scope (null) with attr 18 1
entered beryl with 20
entered sapphire with 21
ruby present in scope (null) with attr 16 2
plato present in scope (null) with attr 6 2
entered plato with 6
