Grammar

    0 $accept: Module $end

    1 Module: DeclList

    2 DeclList: Decl DeclList
    3         | Decl

    4 Decl: IdList ':' BaseType
    5     | IdList "::" Literal
    6     | IdList ':' FuncDecl

    7 IdList: IdItem ',' IdList
    8       | IdItem

    9 IdItem: Id

   10 Id: IDENT_TOK

   11 BaseType: "int"
   12         | "chr"
   13         | "bool"
   14         | "void"

   15 Literal: INTLIT_TOK
   16        | CHRLIT_TOK
   17        | BOOLLIT_TOK

   18 FuncDecl: '(' ')' "->" BaseType


Terminals, with rules where they appear

$end (0) 0
'(' (40) 18
')' (41) 18
',' (44) 7
':' (58) 4 6
error (256)
IDENT_TOK (258) 10
"int" (259) 11
"chr" (260) 12
"bool" (261) 13
"void" (262) 14
INTLIT_TOK (263) 15
CHRLIT_TOK (264) 16
BOOLLIT_TOK (265) 17
"->" (266) 18
"::" (267) 5


Nonterminals, with rules where they appear

$accept (17)
    on left: 0
Module (18)
    on left: 1, on right: 0
DeclList (19)
    on left: 2 3, on right: 1 2
Decl (20)
    on left: 4 5 6, on right: 2 3
IdList (21)
    on left: 7 8, on right: 4 5 6 7
IdItem (22)
    on left: 9, on right: 7 8
Id (23)
    on left: 10, on right: 9
BaseType (24)
    on left: 11 12 13 14, on right: 4 18
Literal (25)
    on left: 15 16 17, on right: 5
FuncDecl (26)
    on left: 18, on right: 6


State 0

    0 $accept: . Module $end

    IDENT_TOK  shift, and go to state 1

    Module    go to state 2
    DeclList  go to state 3
    Decl      go to state 4
    IdList    go to state 5
    IdItem    go to state 6
    Id        go to state 7


State 1

   10 Id: IDENT_TOK .

    $default  reduce using rule 10 (Id)


State 2

    0 $accept: Module . $end

    $end  shift, and go to state 8


State 3

    1 Module: DeclList .

    $default  reduce using rule 1 (Module)


State 4

    2 DeclList: Decl . DeclList
    3         | Decl .

    IDENT_TOK  shift, and go to state 1

    $default  reduce using rule 3 (DeclList)

    DeclList  go to state 9
    Decl      go to state 4
    IdList    go to state 5
    IdItem    go to state 6
    Id        go to state 7


State 5

    4 Decl: IdList . ':' BaseType
    5     | IdList . "::" Literal
    6     | IdList . ':' FuncDecl

    "::"  shift, and go to state 10
    ':'   shift, and go to state 11


State 6

    7 IdList: IdItem . ',' IdList
    8       | IdItem .

    ','  shift, and go to state 12

    $default  reduce using rule 8 (IdList)


State 7

    9 IdItem: Id .

    $default  reduce using rule 9 (IdItem)


State 8

    0 $accept: Module $end .

    $default  accept


State 9

    2 DeclList: Decl DeclList .

    $default  reduce using rule 2 (DeclList)


State 10

    5 Decl: IdList "::" . Literal

    INTLIT_TOK   shift, and go to state 13
    CHRLIT_TOK   shift, and go to state 14
    BOOLLIT_TOK  shift, and go to state 15

    Literal  go to state 16


State 11

    4 Decl: IdList ':' . BaseType
    6     | IdList ':' . FuncDecl

    "int"   shift, and go to state 17
    "chr"   shift, and go to state 18
    "bool"  shift, and go to state 19
    "void"  shift, and go to state 20
    '('     shift, and go to state 21

    BaseType  go to state 22
    FuncDecl  go to state 23


State 12

    7 IdList: IdItem ',' . IdList

    IDENT_TOK  shift, and go to state 1

    IdList  go to state 24
    IdItem  go to state 6
    Id      go to state 7


State 13

   15 Literal: INTLIT_TOK .

    $default  reduce using rule 15 (Literal)


State 14

   16 Literal: CHRLIT_TOK .

    $default  reduce using rule 16 (Literal)


State 15

   17 Literal: BOOLLIT_TOK .

    $default  reduce using rule 17 (Literal)


State 16

    5 Decl: IdList "::" Literal .

    $default  reduce using rule 5 (Decl)


State 17

   11 BaseType: "int" .

    $default  reduce using rule 11 (BaseType)


State 18

   12 BaseType: "chr" .

    $default  reduce using rule 12 (BaseType)


State 19

   13 BaseType: "bool" .

    $default  reduce using rule 13 (BaseType)


State 20

   14 BaseType: "void" .

    $default  reduce using rule 14 (BaseType)


State 21

   18 FuncDecl: '(' . ')' "->" BaseType

    ')'  shift, and go to state 25


State 22

    4 Decl: IdList ':' BaseType .

    $default  reduce using rule 4 (Decl)


State 23

    6 Decl: IdList ':' FuncDecl .

    $default  reduce using rule 6 (Decl)


State 24

    7 IdList: IdItem ',' IdList .

    $default  reduce using rule 7 (IdList)


State 25

   18 FuncDecl: '(' ')' . "->" BaseType

    "->"  shift, and go to state 26


State 26

   18 FuncDecl: '(' ')' "->" . BaseType

    "int"   shift, and go to state 17
    "chr"   shift, and go to state 18
    "bool"  shift, and go to state 19
    "void"  shift, and go to state 20

    BaseType  go to state 27


State 27

   18 FuncDecl: '(' ')' "->" BaseType .

    $default  reduce using rule 18 (FuncDecl)
