pro name
Id
pro name
Id
pro name
Id
___
append
-r-y- 
,
append
-r-y-x- 
,

Symbol Table: global
Num Scope                Name           Ref            Type
  0 global               r              
  1 global               x              
  2 global               y              
     1: x, y, r :: 0
     2: 
     3: [91mmain[0m :: {
        [91m**[0m ERROR: "syntax error" token: "main"
     4:   put('>')
     5:   x = get(int)
     6:   put('>')
     7:   y = get(int)
     8:   r = y + (x * x)
     9:   put('r') put('=') put(r) put('\n')
    10:   r = (y + x) * x
    11:   put('r') put('=') put(r) put('\n')
    12:   r = y + x * x
    13:   put('r') put('=') put(r) put('\n')
    14:   r = x * x + y
    15:   put('r') put('=') put(r) put('\n')
    16:   put(true) put(' ') put(false) put('\n')
    17: }
        [92m**[0m no main function for module
